{"level":"info","message":"Statistics retrieved successfully","timestamp":"2024-11-27T15:52:28.486Z"}
{"level":"info","message":"Neue Collection hinzugefügt: abc","timestamp":"2024-11-27T15:52:48.914Z"}
{"level":"info","message":"Neue Collection hinzugefügt: defg","timestamp":"2024-11-27T15:52:54.438Z"}
{"level":"info","message":"Neue Collection hinzugefügt: daf","timestamp":"2024-11-27T15:53:25.814Z"}
{"level":"info","message":"Neue Collection hinzugefügt: nus","timestamp":"2024-11-27T15:53:30.526Z"}
{"level":"info","message":"Neue Collection hinzugefügt: nesa","timestamp":"2024-11-27T15:53:34.558Z"}
{"level":"info","message":"Neues Buch hinzugefügt: abc","timestamp":"2024-11-27T15:54:36.095Z"}
{"level":"warn","message":"Buch nicht gefunden für ID: 1","timestamp":"2024-11-27T15:55:37.035Z"}
{"level":"warn","message":"Buch nicht gefunden für ID: 5","timestamp":"2024-11-27T15:55:45.439Z"}
{"level":"info","message":"Statistics retrieved successfully","timestamp":"2024-11-27T15:58:05.341Z"}
{"level":"info","message":"Statistics retrieved successfully","timestamp":"2024-11-27T16:00:25.510Z"}
{"level":"info","message":"Buch aktualisiert: undefined","timestamp":"2024-11-27T16:00:28.485Z"}
{"level":"info","message":"Buch aktualisiert: undefined","timestamp":"2024-11-27T16:00:32.784Z"}
{"level":"info","message":"Buch aktualisiert: undefined","timestamp":"2024-11-27T16:00:33.513Z"}
{"level":"info","message":"Buch aktualisiert: undefined","timestamp":"2024-11-27T16:00:34.193Z"}
{"level":"info","message":"Buch aktualisiert: undefined","timestamp":"2024-11-27T16:00:34.720Z"}
{"level":"info","message":"Buch aktualisiert: undefined","timestamp":"2024-11-27T16:00:34.866Z"}
{"level":"info","message":"Buch aktualisiert: undefined","timestamp":"2024-11-27T16:00:35.046Z"}
{"level":"info","message":"Buch aktualisiert: undefined","timestamp":"2024-11-27T16:00:35.214Z"}
{"level":"info","message":"Buch aktualisiert: undefined","timestamp":"2024-11-27T16:00:35.411Z"}
{"level":"info","message":"Buch aktualisiert: undefined","timestamp":"2024-11-27T16:02:27.703Z"}
{"level":"info","message":"Buch aktualisiert: undefined","timestamp":"2024-11-27T16:02:28.409Z"}
{"level":"info","message":"Buch aktualisiert: undefined","timestamp":"2024-11-27T16:02:29.040Z"}
{"level":"info","message":"Buch aktualisiert: undefined","timestamp":"2024-11-27T16:02:29.198Z"}
{"level":"info","message":"Buch aktualisiert: undefined","timestamp":"2024-11-27T16:02:29.785Z"}
{"level":"info","message":"Buch aktualisiert: undefined","timestamp":"2024-11-27T16:02:30.441Z"}
{"level":"info","message":"Buch aktualisiert: undefined","timestamp":"2024-11-27T16:02:30.585Z"}
{"level":"info","message":"Statistics retrieved successfully","timestamp":"2024-11-27T16:04:32.598Z"}
{"level":"info","message":"Buch aktualisiert: undefined","timestamp":"2024-11-27T16:04:35.793Z"}
{"level":"info","message":"Neues Buch hinzugefügt: aaa","timestamp":"2024-11-27T16:04:55.212Z"}
{"level":"info","message":"Buch gelöscht: ID 7","timestamp":"2024-11-27T16:04:58.103Z"}
{"level":"info","message":"Buch aktualisiert: undefined","timestamp":"2024-11-27T16:05:00.044Z"}
{"level":"info","message":"Buch aktualisiert: undefined","timestamp":"2024-11-27T16:05:01.406Z"}
{"level":"info","message":"Buch aktualisiert: undefined","timestamp":"2024-11-27T16:05:02.062Z"}
{"level":"info","message":"Buch aktualisiert: undefined","timestamp":"2024-11-27T16:05:02.295Z"}
{"level":"info","message":"Buch aktualisiert: undefined","timestamp":"2024-11-27T16:05:02.473Z"}
{"level":"info","message":"Buch aktualisiert: undefined","timestamp":"2024-11-27T16:05:02.627Z"}
{"level":"info","message":"Buch aktualisiert: undefined","timestamp":"2024-11-27T16:05:02.833Z"}
{"level":"info","message":"Buch aktualisiert: undefined","timestamp":"2024-11-27T16:05:03.215Z"}
{"level":"info","message":"Buch aktualisiert: undefined","timestamp":"2024-11-27T16:05:03.384Z"}
{"level":"info","message":"Buch aktualisiert: undefined","timestamp":"2024-11-27T16:05:03.816Z"}
{"level":"info","message":"Buch aktualisiert: undefined","timestamp":"2024-11-27T16:05:04.265Z"}
{"level":"info","message":"Buch aktualisiert: undefined","timestamp":"2024-11-27T16:05:04.687Z"}
{"level":"info","message":"Buch aktualisiert: undefined","timestamp":"2024-11-27T16:05:05.103Z"}
{"level":"info","message":"Buch aktualisiert: undefined","timestamp":"2024-11-27T16:05:05.488Z"}
{"level":"info","message":"Buch aktualisiert: undefined","timestamp":"2024-11-27T16:05:05.919Z"}
{"level":"info","message":"Buch aktualisiert: undefined","timestamp":"2024-11-27T16:05:06.351Z"}
{"level":"info","message":"Buch aktualisiert: undefined","timestamp":"2024-11-27T16:05:06.712Z"}
{"level":"info","message":"Buch aktualisiert: undefined","timestamp":"2024-11-27T16:05:08.167Z"}
{"level":"info","message":"Buch aktualisiert: undefined","timestamp":"2024-11-27T16:05:08.383Z"}
{"level":"info","message":"Buch aktualisiert: undefined","timestamp":"2024-11-27T16:05:08.567Z"}
{"level":"info","message":"Buch aktualisiert: undefined","timestamp":"2024-11-27T16:05:08.751Z"}
{"level":"info","message":"Buch aktualisiert: undefined","timestamp":"2024-11-27T16:05:08.935Z"}
{"level":"info","message":"Buch aktualisiert: undefined","timestamp":"2024-11-27T16:05:09.464Z"}
{"level":"info","message":"Statistics retrieved successfully","timestamp":"2024-11-27T16:07:51.488Z"}
{"level":"info","message":"Buch aktualisiert: Unbekannter Titel","timestamp":"2024-11-27T16:08:02.867Z"}
{"level":"info","message":"Neues Buch hinzugefügt: aaa","timestamp":"2024-11-27T16:08:20.277Z"}
{"level":"info","message":"Buch aktualisiert: Unbekannter Titel","timestamp":"2024-11-27T16:08:22.341Z"}
{"level":"info","message":"Buch gelöscht: ID 8","timestamp":"2024-11-27T16:08:25.389Z"}
{"level":"info","message":"Statistics retrieved successfully","timestamp":"2024-11-27T16:09:33.778Z"}
{"level":"info","message":"Buch aktualisiert: Unbekannter Titel","timestamp":"2024-11-27T16:09:37.290Z"}
{"level":"info","message":"Buch aktualisiert: Unbekannter Titel","timestamp":"2024-11-27T16:09:39.305Z"}
{"level":"info","message":"Buch aktualisiert: Unbekannter Titel","timestamp":"2024-11-27T16:09:39.428Z"}
{"level":"info","message":"Buch aktualisiert: Unbekannter Titel","timestamp":"2024-11-27T16:09:39.667Z"}
{"level":"info","message":"Buch aktualisiert: Unbekannter Titel","timestamp":"2024-11-27T16:09:40.233Z"}
{"level":"info","message":"Buch aktualisiert: Unbekannter Titel","timestamp":"2024-11-27T16:09:40.552Z"}
{"level":"info","message":"Buch aktualisiert: Unbekannter Titel","timestamp":"2024-11-27T16:09:41.122Z"}
{"level":"info","message":"Buch aktualisiert: Unbekannter Titel","timestamp":"2024-11-27T16:09:41.268Z"}
{"level":"info","message":"Buch aktualisiert: Unbekannter Titel","timestamp":"2024-11-27T16:09:41.619Z"}
{"level":"info","message":"Buch aktualisiert: Unbekannter Titel","timestamp":"2024-11-27T16:09:41.827Z"}
{"level":"info","message":"Statistics retrieved successfully","timestamp":"2024-11-27T16:12:49.991Z"}
{"level":"info","message":"Statistics retrieved successfully","timestamp":"2024-11-27T16:13:25.321Z"}
{"level":"info","message":"Statistics retrieved successfully","timestamp":"2024-11-27T16:15:46.218Z"}
{"level":"info","message":"Buch gelöscht: ID 9","timestamp":"2024-11-27T16:16:04.277Z"}
{"level":"info","message":"Neues Buch hinzugefügt: aaaa","timestamp":"2024-11-27T16:16:15.491Z"}
{"level":"info","message":"Statistics retrieved successfully","timestamp":"2024-11-27T16:22:11.423Z"}
{"level":"warn","message":"Redirecting to login from dashboard due to unauthenticated access","timestamp":"2024-11-27T16:24:54.292Z"}
{"level":"info","message":"Statistics retrieved successfully","timestamp":"2024-11-27T16:24:58.329Z"}
{"level":"info","message":"Buch aktualisiert: aaaa","timestamp":"2024-11-27T16:25:12.280Z"}
{"level":"info","message":"Statistics retrieved successfully","timestamp":"2024-11-27T16:29:33.480Z"}
{"level":"info","message":"Buch aktualisiert: aaaa","timestamp":"2024-11-27T16:29:57.726Z"}
{"level":"info","message":"Statistics retrieved successfully","timestamp":"2024-11-27T17:48:13.667Z"}
{"level":"info","message":"Buch aktualisiert: aaaa","timestamp":"2024-11-27T18:05:43.705Z"}
{"level":"info","message":"Statistics retrieved successfully","timestamp":"2024-11-27T18:05:56.847Z"}
{"level":"info","message":"Statistics retrieved successfully","timestamp":"2024-11-27T18:06:08.606Z"}
{"level":"info","message":"Buch aktualisiert: aaaa","timestamp":"2024-11-27T18:06:30.327Z"}
{"level":"info","message":"Statistics retrieved successfully","timestamp":"2024-11-27T18:06:32.461Z"}
{"level":"info","message":"Buch aktualisiert: aaaa","timestamp":"2024-11-27T18:15:41.445Z"}
